<?xml version="1.0" encoding="UTF-8"?>
<testng-results ignored="2" total="4" passed="2" failed="0" skipped="0">
  <reporter-output>
  </reporter-output>
  <suite started-at="2022-01-25T16:52:10 IST" name="Suite" finished-at="2022-01-25T16:52:11 IST" duration-ms="190">
    <groups>
      <group name="regressionTest">
        <method signature="ContactTest.modifyContactTest()[pri:0, instance:com.crm.contactTest.ContactTest@d6e7bab]" name="modifyContactTest" class="com.crm.contactTest.ContactTest"/>
        <method signature="OrganizationTest.modifyOrgTest()[pri:0, instance:com.crm.orgTest.OrganizationTest@5fa07e12]" name="modifyOrgTest" class="com.crm.orgTest.OrganizationTest"/>
      </group> <!-- regressionTest -->
    </groups>
    <test started-at="2022-01-25T16:52:10 IST" name="Test" finished-at="2022-01-25T16:52:11 IST" duration-ms="190">
      <class name="com.crm.contactTest.ContactTest">
        <test-method signature="modifyContactTest()[pri:0, instance:com.crm.contactTest.ContactTest@d6e7bab]" started-at="2022-01-25T16:52:10 IST" name="modifyContactTest" finished-at="2022-01-25T16:52:10 IST" duration-ms="26" status="PASS">
          <reporter-output>
          </reporter-output>
        </test-method> <!-- modifyContactTest -->
      </class> <!-- com.crm.contactTest.ContactTest -->
      <class name="com.crm.orgTest.OrganizationTest">
        <test-method signature="modifyOrgTest()[pri:0, instance:com.crm.orgTest.OrganizationTest@5fa07e12]" started-at="2022-01-25T16:52:11 IST" name="modifyOrgTest" finished-at="2022-01-25T16:52:11 IST" duration-ms="15" status="PASS">
          <reporter-output>
          </reporter-output>
        </test-method> <!-- modifyOrgTest -->
      </class> <!-- com.crm.orgTest.OrganizationTest -->
    </test> <!-- Test -->
  </suite> <!-- Suite -->
</testng-results>
