<?xml version="1.0" encoding="UTF-8"?>
<testng-results skipped="0" failed="0" ignored="0" total="4" passed="4">
  <reporter-output>
  </reporter-output>
  <suite name="Suite" duration-ms="174" started-at="2022-01-25T17:02:20 IST" finished-at="2022-01-25T17:02:20 IST">
    <groups>
      <group name="regressionTest">
        <method signature="ContactTest.modifyContactTest()[pri:0, instance:com.crm.contactTest.ContactTest@523884b2]" name="modifyContactTest" class="com.crm.contactTest.ContactTest"/>
        <method signature="OrganizationTest.modifyOrgTest()[pri:0, instance:com.crm.orgTest.OrganizationTest@3e6fa38a]" name="modifyOrgTest" class="com.crm.orgTest.OrganizationTest"/>
      </group> <!-- regressionTest -->
      <group name="smokeTest">
        <method signature="ContactTest.createContactTest()[pri:0, instance:com.crm.contactTest.ContactTest@523884b2]" name="createContactTest" class="com.crm.contactTest.ContactTest"/>
        <method signature="OrganizationTest.createOrgTest()[pri:0, instance:com.crm.orgTest.OrganizationTest@3e6fa38a]" name="createOrgTest" class="com.crm.orgTest.OrganizationTest"/>
      </group> <!-- smokeTest -->
    </groups>
    <test name="Test" duration-ms="174" started-at="2022-01-25T17:02:20 IST" finished-at="2022-01-25T17:02:20 IST">
      <class name="com.crm.contactTest.ContactTest">
        <test-method status="PASS" signature="createContactTest()[pri:0, instance:com.crm.contactTest.ContactTest@523884b2]" name="createContactTest" duration-ms="26" started-at="2022-01-25T17:02:20 IST" finished-at="2022-01-25T17:02:20 IST">
          <reporter-output>
          </reporter-output>
        </test-method> <!-- createContactTest -->
        <test-method status="PASS" signature="modifyContactTest()[pri:0, instance:com.crm.contactTest.ContactTest@523884b2]" name="modifyContactTest" duration-ms="0" started-at="2022-01-25T17:02:20 IST" finished-at="2022-01-25T17:02:20 IST">
          <reporter-output>
          </reporter-output>
        </test-method> <!-- modifyContactTest -->
      </class> <!-- com.crm.contactTest.ContactTest -->
      <class name="com.crm.orgTest.OrganizationTest">
        <test-method status="PASS" signature="createOrgTest()[pri:0, instance:com.crm.orgTest.OrganizationTest@3e6fa38a]" name="createOrgTest" duration-ms="2" started-at="2022-01-25T17:02:20 IST" finished-at="2022-01-25T17:02:20 IST">
          <reporter-output>
          </reporter-output>
        </test-method> <!-- createOrgTest -->
        <test-method status="PASS" signature="modifyOrgTest()[pri:0, instance:com.crm.orgTest.OrganizationTest@3e6fa38a]" name="modifyOrgTest" duration-ms="0" started-at="2022-01-25T17:02:20 IST" finished-at="2022-01-25T17:02:20 IST">
          <reporter-output>
          </reporter-output>
        </test-method> <!-- modifyOrgTest -->
      </class> <!-- com.crm.orgTest.OrganizationTest -->
    </test> <!-- Test -->
  </suite> <!-- Suite -->
</testng-results>
