<?xml version="1.0" encoding="UTF-8"?>
<testng-results ignored="0" total="5" passed="5" failed="0" skipped="0">
  <reporter-output>
  </reporter-output>
  <suite started-at="2022-02-01T15:56:20 IST" name="Command line suite" finished-at="2022-02-01T15:56:21 IST" duration-ms="91">
    <groups>
      <group name="regressionTest">
        <method signature="ContactTest.modifyContactTest()[pri:0, instance:com.crm.contactTest.ContactTest@71809907]" name="modifyContactTest" class="com.crm.contactTest.ContactTest"/>
        <method signature="OrganizationTest.modifyOrgTest()[pri:0, instance:com.crm.orgTest.OrganizationTest@67d48005]" name="modifyOrgTest" class="com.crm.orgTest.OrganizationTest"/>
        <method signature="OrganizationTest.modifyOrgTest1()[pri:0, instance:com.crm.orgTest.OrganizationTest@67d48005]" name="modifyOrgTest1" class="com.crm.orgTest.OrganizationTest"/>
      </group> <!-- regressionTest -->
      <group name="smokeTest">
        <method signature="ContactTest.createContactTest()[pri:0, instance:com.crm.contactTest.ContactTest@71809907]" name="createContactTest" class="com.crm.contactTest.ContactTest"/>
        <method signature="OrganizationTest.createOrgTest()[pri:0, instance:com.crm.orgTest.OrganizationTest@67d48005]" name="createOrgTest" class="com.crm.orgTest.OrganizationTest"/>
      </group> <!-- smokeTest -->
    </groups>
    <test started-at="2022-02-01T15:56:20 IST" name="Command line test" finished-at="2022-02-01T15:56:21 IST" duration-ms="91">
      <class name="com.crm.contactTest.ContactTest">
        <test-method signature="createContactTest()[pri:0, instance:com.crm.contactTest.ContactTest@71809907]" started-at="2022-02-01T15:56:21 IST" name="createContactTest" finished-at="2022-02-01T15:56:21 IST" duration-ms="9" status="PASS">
          <reporter-output>
          </reporter-output>
        </test-method> <!-- createContactTest -->
        <test-method signature="modifyContactTest()[pri:0, instance:com.crm.contactTest.ContactTest@71809907]" started-at="2022-02-01T15:56:21 IST" name="modifyContactTest" finished-at="2022-02-01T15:56:21 IST" duration-ms="1" status="PASS">
          <reporter-output>
          </reporter-output>
        </test-method> <!-- modifyContactTest -->
      </class> <!-- com.crm.contactTest.ContactTest -->
      <class name="com.crm.orgTest.OrganizationTest">
        <test-method signature="createOrgTest()[pri:0, instance:com.crm.orgTest.OrganizationTest@67d48005]" started-at="2022-02-01T15:56:21 IST" name="createOrgTest" finished-at="2022-02-01T15:56:21 IST" duration-ms="0" status="PASS">
          <reporter-output>
          </reporter-output>
        </test-method> <!-- createOrgTest -->
        <test-method signature="modifyOrgTest()[pri:0, instance:com.crm.orgTest.OrganizationTest@67d48005]" started-at="2022-02-01T15:56:21 IST" name="modifyOrgTest" finished-at="2022-02-01T15:56:21 IST" duration-ms="0" status="PASS">
          <reporter-output>
          </reporter-output>
        </test-method> <!-- modifyOrgTest -->
        <test-method signature="modifyOrgTest1()[pri:0, instance:com.crm.orgTest.OrganizationTest@67d48005]" started-at="2022-02-01T15:56:21 IST" name="modifyOrgTest1" finished-at="2022-02-01T15:56:21 IST" duration-ms="1" status="PASS">
          <reporter-output>
          </reporter-output>
        </test-method> <!-- modifyOrgTest1 -->
      </class> <!-- com.crm.orgTest.OrganizationTest -->
    </test> <!-- Command line test -->
  </suite> <!-- Command line suite -->
</testng-results>
