<?xml version="1.0" encoding="UTF-8"?>
<!-- Generated by org.testng.reporters.JUnitXMLReporter -->
<testsuite ignored="2" hostname="DESKTOP-8S455D7" failures="0" tests="2" name="Test" time="0.19" errors="0" timestamp="2022-01-25T16:52:11 IST">
  <testcase classname="com.crm.contactTest.ContactTest" name="modifyContactTest" time="0.026"/>
  <testcase classname="com.crm.orgTest.OrganizationTest" name="modifyOrgTest" time="0.015"/>
  <testcase classname="com.crm.contactTest.ContactTest" name="createContactTest" time="0.0">
    <ignored/>
  </testcase> <!-- createContactTest -->
  <testcase classname="com.crm.orgTest.OrganizationTest" name="createOrgTest" time="0.0">
    <ignored/>
  </testcase> <!-- createOrgTest -->
</testsuite> <!-- Test -->
