<?xml version="1.0" encoding="UTF-8"?>
<!-- Generated by org.testng.reporters.JUnitXMLReporter -->
<testsuite ignored="0" hostname="sreeni" failures="0" tests="5" name="Command line test" time="0.091" errors="0" timestamp="2022-02-01T15:56:21 IST">
  <testcase classname="com.crm.contactTest.ContactTest" name="createContactTest" time="0.009"/>
  <testcase classname="com.crm.contactTest.ContactTest" name="modifyContactTest" time="0.001"/>
  <testcase classname="com.crm.orgTest.OrganizationTest" name="createOrgTest" time="0.0"/>
  <testcase classname="com.crm.orgTest.OrganizationTest" name="modifyOrgTest" time="0.0"/>
  <testcase classname="com.crm.orgTest.OrganizationTest" name="modifyOrgTest1" time="0.001"/>
</testsuite> <!-- Command line test -->
