<?xml version="1.0" encoding="UTF-8"?>
<!-- Generated by org.testng.reporters.JUnitXMLReporter -->
<testsuite hostname="DESKTOP-8S455D7" ignored="0" name="Command line test" tests="4" failures="0" timestamp="2022-01-25T16:52:45 IST" time="0.156" errors="0">
  <testcase name="createContactTest" time="0.027" classname="com.crm.contactTest.ContactTest"/>
  <testcase name="modifyContactTest" time="0.001" classname="com.crm.contactTest.ContactTest"/>
  <testcase name="createOrgTest" time="0.001" classname="com.crm.orgTest.OrganizationTest"/>
  <testcase name="modifyOrgTest" time="0.001" classname="com.crm.orgTest.OrganizationTest"/>
</testsuite> <!-- Command line test -->
