<?xml version="1.0" encoding="UTF-8"?>
<!-- Generated by org.testng.reporters.JUnitXMLReporter -->
<testsuite hostname="DESKTOP-8S455D7" ignored="0" name="Test" tests="4" failures="0" timestamp="2022-01-25T17:02:20 IST" time="0.174" errors="0">
  <testcase name="createContactTest" time="0.026" classname="com.crm.contactTest.ContactTest"/>
  <testcase name="modifyContactTest" time="0.0" classname="com.crm.contactTest.ContactTest"/>
  <testcase name="createOrgTest" time="0.002" classname="com.crm.orgTest.OrganizationTest"/>
  <testcase name="modifyOrgTest" time="0.0" classname="com.crm.orgTest.OrganizationTest"/>
</testsuite> <!-- Test -->
