<?xml version="1.0" encoding="UTF-8"?>
<!-- Generated by org.testng.reporters.JUnitReportReporter -->
<testsuite skipped="0" hostname="DESKTOP-8S455D7" name="com.crm.contactTest.ContactTest" tests="2" failures="0" timestamp="2022-01-25T17:02:20 IST" time="0.026" errors="0">
  <testcase name="createContactTest" time="0.026" classname="com.crm.contactTest.ContactTest"/>
  <system-out/>
  <testcase name="modifyContactTest" time="0.000" classname="com.crm.contactTest.ContactTest"/>
  <system-out/>
</testsuite> <!-- com.crm.contactTest.ContactTest -->
