<?xml version="1.0" encoding="UTF-8"?>
<!-- Generated by org.testng.reporters.JUnitReportReporter -->
<testsuite skipped="0" hostname="DESKTOP-8S455D7" name="com.crm.orgTest.OrganizationTest" tests="2" failures="0" timestamp="2022-01-25T17:02:20 IST" time="0.002" errors="0">
  <testcase name="modifyOrgTest" time="0.000" classname="com.crm.orgTest.OrganizationTest"/>
  <system-out/>
  <testcase name="createOrgTest" time="0.002" classname="com.crm.orgTest.OrganizationTest"/>
  <system-out/>
</testsuite> <!-- com.crm.orgTest.OrganizationTest -->
